     1                                  bits 32 ; assembling for the 32 bits architecture
     2                                  
     3                                  ; declare the EntryPoint (a label defining the very first instruction of the program)
     4                                  global start        
     5                                  
     6                                  ; declare external functions needed by our program
     7                                  extern exit               ; tell nasm that exit exists even if we won't be defining it
     8                                  import exit msvcrt.dll    ; exit is a function that ends the calling process. It is defined in msvcrt.dll
     9                                                            ; msvcrt.dll contains exit, printf and all the other important C-runtime specific functions
    10                                  
    11                                  ; our data is declared here (the variables needed by our program)
    12                                  segment data use32 class=data
    13                                      ; ...
    14 00000000 F6                          a db -10
    15 00000001 1400                        b dw 20
    16 00000003 05                          c db 5
    17 00000004 9CFFFFFF                    d dd -100
    18 00000008 9600000000000000            x dq 150
    19                                  ; our code starts here
    20                                  segment code use32 class=code
    21                                      start:
    22                                          ; ...
    23                                          ;(a*b+2)/(a+7-c)+d+x; 
    24                                          ;a,c-byte; b-word; d-doubleword; x-qword
    25                                          ;Signed version
    26                                          
    27 00000000 A0[00000000]                    mov AL, [a];    AL=a=-10    
    28 00000005 6698                            cbw;            AX=AL=a=-10
    29                                          
    30 00000007 668B1D[01000000]                mov BX,[b];     BX=b=20
    31 0000000E 66F7EB                          imul BX;        DX:AX=AX*BX=a*b=20*(-10)=-200
    32                                          
    33 00000011 6652                            push DX
    34 00000013 6650                            push AX
    35 00000015 58                              pop EAX;        EAX=DX:AX=a*b=-200
    36                                          
    37 00000016 83C002                          add EAX,2;      EAX=a*b+2=-198
    38 00000019 89C3                            mov EBX,EAX;    EBX=EAX=a*b+2=-198
    39                                          
    40                                          
    41 0000001B A0[00000000]                    mov AL,[a];     AH=a=-10
    42 00000020 0407                            add AL,7;       AH=a+7=-3
    43 00000022 2A05[03000000]                  sub AL,[c];     AH=a+7-c=-3-5=-8
    44                                          
    45 00000028 6698                            cbw;            AX=AL=a+7-c=-8
    46 0000002A 6689C1                          mov CX,AX;      CX=AX=a+7-c=-8
    47                                          
    48 0000002D 53                              push EBX
    49 0000002E 6658                            pop AX
    50 00000030 665A                            pop DX;         DX:AX=EBX==a*b+2=-198
    51                                          
    52 00000032 66F7F9                          idiv CX;        AX ← DX:AX / CX=(a*b+2)/(a+7-c)=-198/-8=24
    53 00000035 6699                            cwd;            DX:AX=AX=(a*b+2)/(a+7-c)=24
    54                                          
    55 00000037 6652                            push DX
    56 00000039 6650                            push AX
    57 0000003B 59                              pop ECX;        ECX= CX:AX=(a*b+2)/(a+7-c)=24
    58                                         
    59 0000003C 030D[04000000]                  add ECX,[d];    ECX=(a*b+2)/(a+7-c)+d=-198+(-100)=-298
    60                                          
    61 00000042 8B1D[08000000]                  mov EBX,[x];    EBX=x=150
    62 00000048 8B15[0C000000]                  mov EDX,[x+4];  EDX=[x+4]
    63 0000004E 01D9                            add ECX,EBX;    ECX=ECX+EBX=(a*b+2)/(a+7-c)+d+x=-298+150=-148
    64 00000050 11D0                            adc EAX,EDX
    65                                          ; exit(0)
    66 00000052 6A00                            push    dword 0      ; push the parameter for exit onto the stack
    67 00000054 FF15[00000000]                  call    [exit]       ; call exit to terminate the program
